Parse Exception for date format: java.text.ParseException: Unparseable date: ""
Parse Exception for date format: java.text.ParseException: Unparseable date: ""
Exception in ExpenseEntry Class: java.lang.NumberFormatException: For input string: "dsasa"
HCANN000001: Hibernate Commons Annotations {4.0.5.Final}
HHH000412: Hibernate Core {4.3.11.Final}
HHH000206: hibernate.properties not found
HHH000021: Bytecode provider name : javassist
HHH000043: Configuring from resource: /hibernate.cfg.xml
HHH000040: Configuration resource: /hibernate.cfg.xml
HHH000041: Configured SessionFactory: null
HHH000402: Using Hibernate built-in connection pool (not for production use!)
HHH000401: using driver [com.mysql.jdbc.Driver] at URL [jdbc:mysql://localhost:3306/financetracker]
HHH000046: Connection properties: {user=root, password=****}
HHH000006: Autocommit mode: false
HHH000115: Hibernate connection pool size: 20 (min=1)
HHH000400: Using dialect: org.hibernate.dialect.MySQL5Dialect
HHH000399: Using default transaction strategy (direct JDBC transactions)
HHH000397: Using ASTQueryTranslatorFactory
SQL Error: 1048, SQLState: 23000
Column 'user' cannot be null
HHH000010: On release of batch it still contained JDBC statements
SQL Warning Code: 1048, SQLState: 23000
Column 'user' cannot be null
Exception: org.hibernate.exception.ConstraintViolationException: could not execute statement
SQL Error: 1048, SQLState: 23000
Column 'user' cannot be null
HHH000010: On release of batch it still contained JDBC statements
SQL Warning Code: 1048, SQLState: 23000
Column 'user' cannot be null
Hibernate Exception in deleteCategory(): org.hibernate.exception.ConstraintViolationException: could not execute statement
SQL Error: 1048, SQLState: 23000
Column 'user' cannot be null
HHH000010: On release of batch it still contained JDBC statements
SQL Warning Code: 1048, SQLState: 23000
Column 'user' cannot be null
Hibernate Exception in deleteTransactionRecord(): org.hibernate.exception.ConstraintViolationException: could not execute statement
SQL Error: 1048, SQLState: 23000
Column 'user' cannot be null
HHH000010: On release of batch it still contained JDBC statements
SQL Warning Code: 1048, SQLState: 23000
Column 'user' cannot be null
Exception: org.hibernate.exception.ConstraintViolationException: could not execute statement
SQL Error: 1048, SQLState: 23000
Column 'user' cannot be null
HHH000010: On release of batch it still contained JDBC statements
SQL Warning Code: 1048, SQLState: 23000
Column 'user' cannot be null
Hibernate Exception in deleteCategory(): org.hibernate.exception.ConstraintViolationException: could not execute statement
SQL Error: 1048, SQLState: 23000
Column 'user' cannot be null
HHH000010: On release of batch it still contained JDBC statements
SQL Warning Code: 1048, SQLState: 23000
Column 'user' cannot be null
Hibernate Exception in deleteTransactionRecord(): org.hibernate.exception.ConstraintViolationException: could not execute statement
SQL Error: 1048, SQLState: 23000
Column 'user' cannot be null
HHH000010: On release of batch it still contained JDBC statements
SQL Warning Code: 1048, SQLState: 23000
Column 'user' cannot be null
Exception: org.hibernate.exception.ConstraintViolationException: could not execute statement
SQL Error: 1048, SQLState: 23000
Column 'user' cannot be null
HHH000010: On release of batch it still contained JDBC statements
SQL Warning Code: 1048, SQLState: 23000
Column 'user' cannot be null
Hibernate Exception in deleteCategory(): org.hibernate.exception.ConstraintViolationException: could not execute statement
SQL Error: 1048, SQLState: 23000
Column 'user' cannot be null
HHH000010: On release of batch it still contained JDBC statements
SQL Warning Code: 1048, SQLState: 23000
Column 'user' cannot be null
Hibernate Exception in deleteTransactionRecord(): org.hibernate.exception.ConstraintViolationException: could not execute statement
SQL Error: 1048, SQLState: 23000
Column 'user' cannot be null
HHH000010: On release of batch it still contained JDBC statements
SQL Warning Code: 1048, SQLState: 23000
Column 'user' cannot be null
Hibernate Exception in deleteTransactionRecord(): org.hibernate.exception.ConstraintViolationException: could not execute statement
SQL Error: 1048, SQLState: 23000
Column 'user' cannot be null
HHH000010: On release of batch it still contained JDBC statements
SQL Warning Code: 1048, SQLState: 23000
Column 'user' cannot be null
Exception: org.hibernate.exception.ConstraintViolationException: could not execute statement
SQL Error: 1048, SQLState: 23000
Column 'user' cannot be null
HHH000010: On release of batch it still contained JDBC statements
SQL Warning Code: 1048, SQLState: 23000
Column 'user' cannot be null
Hibernate Exception in deleteCategory(): org.hibernate.exception.ConstraintViolationException: could not execute statement
SQL Error: 1048, SQLState: 23000
Column 'user' cannot be null
HHH000010: On release of batch it still contained JDBC statements
SQL Warning Code: 1048, SQLState: 23000
Column 'user' cannot be null
Exception: org.hibernate.exception.ConstraintViolationException: could not execute statement
SQL Error: 1048, SQLState: 23000
Column 'user' cannot be null
HHH000010: On release of batch it still contained JDBC statements
SQL Warning Code: 1048, SQLState: 23000
Column 'user' cannot be null
Hibernate Exception in deleteCategory(): org.hibernate.exception.ConstraintViolationException: could not execute statement
SQL Error: 1048, SQLState: 23000
Column 'user' cannot be null
HHH000010: On release of batch it still contained JDBC statements
SQL Warning Code: 1048, SQLState: 23000
Column 'user' cannot be null
Hibernate Exception in deleteTransactionRecord(): org.hibernate.exception.ConstraintViolationException: could not execute statement
SQL Error: 1048, SQLState: 23000
Column 'user' cannot be null
HHH000010: On release of batch it still contained JDBC statements
SQL Warning Code: 1048, SQLState: 23000
Column 'user' cannot be null
Exception: org.hibernate.exception.ConstraintViolationException: could not execute statement
SQL Error: 1048, SQLState: 23000
Column 'user' cannot be null
HHH000010: On release of batch it still contained JDBC statements
SQL Warning Code: 1048, SQLState: 23000
Column 'user' cannot be null
Hibernate Exception in deleteCategory(): org.hibernate.exception.ConstraintViolationException: could not execute statement
SQL Error: 1048, SQLState: 23000
Column 'user' cannot be null
HHH000010: On release of batch it still contained JDBC statements
SQL Warning Code: 1048, SQLState: 23000
Column 'user' cannot be null
Hibernate Exception in deleteTransactionRecord(): org.hibernate.exception.ConstraintViolationException: could not execute statement
user is: edu.matc.personalfinance.entity.User@27a5328c
role return is: edu.matc.personalfinance.entity.UserRoles@40f33492
HCANN000001: Hibernate Commons Annotations {4.0.5.Final}
HHH000412: Hibernate Core {4.3.11.Final}
HHH000206: hibernate.properties not found
HHH000021: Bytecode provider name : javassist
HHH000043: Configuring from resource: /hibernate.cfg.xml
HHH000040: Configuration resource: /hibernate.cfg.xml
HHH000041: Configured SessionFactory: null
HHH000402: Using Hibernate built-in connection pool (not for production use!)
HHH000401: using driver [com.mysql.jdbc.Driver] at URL [jdbc:mysql://localhost:3306/financetracker]
HHH000046: Connection properties: {user=root, password=****}
HHH000006: Autocommit mode: false
HHH000115: Hibernate connection pool size: 20 (min=1)
HHH000400: Using dialect: org.hibernate.dialect.MySQL5Dialect
HHH000399: Using default transaction strategy (direct JDBC transactions)
HHH000397: Using ASTQueryTranslatorFactory
SQL Error: 1048, SQLState: 23000
Column 'user' cannot be null
HHH000010: On release of batch it still contained JDBC statements
SQL Warning Code: 1048, SQLState: 23000
Column 'user' cannot be null
Exception: org.hibernate.exception.ConstraintViolationException: could not execute statement
SQL Error: 1048, SQLState: 23000
Column 'user' cannot be null
HHH000010: On release of batch it still contained JDBC statements
SQL Warning Code: 1048, SQLState: 23000
Column 'user' cannot be null
Hibernate Exception in deleteCategory(): org.hibernate.exception.ConstraintViolationException: could not execute statement
SQL Error: 1048, SQLState: 23000
Column 'user' cannot be null
HHH000010: On release of batch it still contained JDBC statements
SQL Warning Code: 1048, SQLState: 23000
Column 'user' cannot be null
Hibernate Exception in deleteTransactionRecord(): org.hibernate.exception.ConstraintViolationException: could not execute statement
SQL Error: 1048, SQLState: 23000
Column 'user' cannot be null
HHH000010: On release of batch it still contained JDBC statements
SQL Warning Code: 1048, SQLState: 23000
Column 'user' cannot be null
Exception: org.hibernate.exception.ConstraintViolationException: could not execute statement
SQL Error: 1048, SQLState: 23000
Column 'user' cannot be null
HHH000010: On release of batch it still contained JDBC statements
SQL Warning Code: 1048, SQLState: 23000
Column 'user' cannot be null
Hibernate Exception in deleteCategory(): org.hibernate.exception.ConstraintViolationException: could not execute statement
SQL Error: 1048, SQLState: 23000
Column 'user' cannot be null
HHH000010: On release of batch it still contained JDBC statements
SQL Warning Code: 1048, SQLState: 23000
Column 'user' cannot be null
Hibernate Exception in deleteTransactionRecord(): org.hibernate.exception.ConstraintViolationException: could not execute statement
SQL Error: 1048, SQLState: 23000
Column 'user' cannot be null
HHH000010: On release of batch it still contained JDBC statements
SQL Warning Code: 1048, SQLState: 23000
Column 'user' cannot be null
Exception: org.hibernate.exception.ConstraintViolationException: could not execute statement
SQL Error: 1048, SQLState: 23000
Column 'user' cannot be null
HHH000010: On release of batch it still contained JDBC statements
SQL Warning Code: 1048, SQLState: 23000
Column 'user' cannot be null
Hibernate Exception in deleteCategory(): org.hibernate.exception.ConstraintViolationException: could not execute statement
SQL Error: 1048, SQLState: 23000
Column 'user' cannot be null
HHH000010: On release of batch it still contained JDBC statements
SQL Warning Code: 1048, SQLState: 23000
Column 'user' cannot be null
Hibernate Exception in deleteTransactionRecord(): org.hibernate.exception.ConstraintViolationException: could not execute statement
SQL Error: 1048, SQLState: 23000
Column 'user' cannot be null
HHH000010: On release of batch it still contained JDBC statements
SQL Warning Code: 1048, SQLState: 23000
Column 'user' cannot be null
Hibernate Exception in deleteTransactionRecord(): org.hibernate.exception.ConstraintViolationException: could not execute statement
SQL Error: 1048, SQLState: 23000
Column 'user' cannot be null
HHH000010: On release of batch it still contained JDBC statements
SQL Warning Code: 1048, SQLState: 23000
Column 'user' cannot be null
Exception: org.hibernate.exception.ConstraintViolationException: could not execute statement
SQL Error: 1048, SQLState: 23000
Column 'user' cannot be null
HHH000010: On release of batch it still contained JDBC statements
SQL Warning Code: 1048, SQLState: 23000
Column 'user' cannot be null
Hibernate Exception in deleteCategory(): org.hibernate.exception.ConstraintViolationException: could not execute statement
SQL Error: 1048, SQLState: 23000
Column 'user' cannot be null
HHH000010: On release of batch it still contained JDBC statements
SQL Warning Code: 1048, SQLState: 23000
Column 'user' cannot be null
Exception: org.hibernate.exception.ConstraintViolationException: could not execute statement
SQL Error: 1048, SQLState: 23000
Column 'user' cannot be null
HHH000010: On release of batch it still contained JDBC statements
SQL Warning Code: 1048, SQLState: 23000
Column 'user' cannot be null
Hibernate Exception in deleteCategory(): org.hibernate.exception.ConstraintViolationException: could not execute statement
SQL Error: 1048, SQLState: 23000
Column 'user' cannot be null
HHH000010: On release of batch it still contained JDBC statements
SQL Warning Code: 1048, SQLState: 23000
Column 'user' cannot be null
Hibernate Exception in deleteTransactionRecord(): org.hibernate.exception.ConstraintViolationException: could not execute statement
SQL Error: 1048, SQLState: 23000
Column 'user' cannot be null
HHH000010: On release of batch it still contained JDBC statements
SQL Warning Code: 1048, SQLState: 23000
Column 'user' cannot be null
Exception: org.hibernate.exception.ConstraintViolationException: could not execute statement
SQL Error: 1048, SQLState: 23000
Column 'user' cannot be null
HHH000010: On release of batch it still contained JDBC statements
SQL Warning Code: 1048, SQLState: 23000
Column 'user' cannot be null
Hibernate Exception in deleteCategory(): org.hibernate.exception.ConstraintViolationException: could not execute statement
SQL Error: 1048, SQLState: 23000
Column 'user' cannot be null
HHH000010: On release of batch it still contained JDBC statements
SQL Warning Code: 1048, SQLState: 23000
Column 'user' cannot be null
Hibernate Exception in deleteTransactionRecord(): org.hibernate.exception.ConstraintViolationException: could not execute statement
user is: edu.matc.personalfinance.entity.User@40dd3977
role return is: edu.matc.personalfinance.entity.UserRoles@15bcf458
HCANN000001: Hibernate Commons Annotations {4.0.5.Final}
HHH000412: Hibernate Core {4.3.11.Final}
HHH000206: hibernate.properties not found
HHH000021: Bytecode provider name : javassist
HHH000043: Configuring from resource: /hibernate.cfg.xml
HHH000040: Configuration resource: /hibernate.cfg.xml
HHH000041: Configured SessionFactory: null
HHH000402: Using Hibernate built-in connection pool (not for production use!)
HHH000401: using driver [com.mysql.jdbc.Driver] at URL [jdbc:mysql://localhost:3306/financetracker]
HHH000046: Connection properties: {user=root, password=****}
HHH000006: Autocommit mode: false
HHH000115: Hibernate connection pool size: 20 (min=1)
HHH000400: Using dialect: org.hibernate.dialect.MySQL5Dialect
HHH000399: Using default transaction strategy (direct JDBC transactions)
HHH000397: Using ASTQueryTranslatorFactory
SQL Error: 1048, SQLState: 23000
Column 'user' cannot be null
HHH000010: On release of batch it still contained JDBC statements
SQL Warning Code: 1048, SQLState: 23000
Column 'user' cannot be null
Exception: org.hibernate.exception.ConstraintViolationException: could not execute statement
SQL Error: 1048, SQLState: 23000
Column 'user' cannot be null
HHH000010: On release of batch it still contained JDBC statements
SQL Warning Code: 1048, SQLState: 23000
Column 'user' cannot be null
Hibernate Exception in deleteCategory(): org.hibernate.exception.ConstraintViolationException: could not execute statement
SQL Error: 1048, SQLState: 23000
Column 'user' cannot be null
HHH000010: On release of batch it still contained JDBC statements
SQL Warning Code: 1048, SQLState: 23000
Column 'user' cannot be null
Hibernate Exception in deleteTransactionRecord(): org.hibernate.exception.ConstraintViolationException: could not execute statement
SQL Error: 1048, SQLState: 23000
Column 'user' cannot be null
HHH000010: On release of batch it still contained JDBC statements
SQL Warning Code: 1048, SQLState: 23000
Column 'user' cannot be null
Exception: org.hibernate.exception.ConstraintViolationException: could not execute statement
SQL Error: 1048, SQLState: 23000
Column 'user' cannot be null
HHH000010: On release of batch it still contained JDBC statements
SQL Warning Code: 1048, SQLState: 23000
Column 'user' cannot be null
Hibernate Exception in deleteCategory(): org.hibernate.exception.ConstraintViolationException: could not execute statement
SQL Error: 1048, SQLState: 23000
Column 'user' cannot be null
HHH000010: On release of batch it still contained JDBC statements
SQL Warning Code: 1048, SQLState: 23000
Column 'user' cannot be null
Hibernate Exception in deleteTransactionRecord(): org.hibernate.exception.ConstraintViolationException: could not execute statement
SQL Error: 1048, SQLState: 23000
Column 'user' cannot be null
HHH000010: On release of batch it still contained JDBC statements
SQL Warning Code: 1048, SQLState: 23000
Column 'user' cannot be null
Exception: org.hibernate.exception.ConstraintViolationException: could not execute statement
SQL Error: 1048, SQLState: 23000
Column 'user' cannot be null
HHH000010: On release of batch it still contained JDBC statements
SQL Warning Code: 1048, SQLState: 23000
Column 'user' cannot be null
Hibernate Exception in deleteCategory(): org.hibernate.exception.ConstraintViolationException: could not execute statement
SQL Error: 1048, SQLState: 23000
Column 'user' cannot be null
HHH000010: On release of batch it still contained JDBC statements
SQL Warning Code: 1048, SQLState: 23000
Column 'user' cannot be null
Hibernate Exception in deleteTransactionRecord(): org.hibernate.exception.ConstraintViolationException: could not execute statement
SQL Error: 1048, SQLState: 23000
Column 'user' cannot be null
HHH000010: On release of batch it still contained JDBC statements
SQL Warning Code: 1048, SQLState: 23000
Column 'user' cannot be null
Hibernate Exception in deleteTransactionRecord(): org.hibernate.exception.ConstraintViolationException: could not execute statement
SQL Error: 1048, SQLState: 23000
Column 'user' cannot be null
HHH000010: On release of batch it still contained JDBC statements
SQL Warning Code: 1048, SQLState: 23000
Column 'user' cannot be null
Exception: org.hibernate.exception.ConstraintViolationException: could not execute statement
SQL Error: 1048, SQLState: 23000
Column 'user' cannot be null
HHH000010: On release of batch it still contained JDBC statements
SQL Warning Code: 1048, SQLState: 23000
Column 'user' cannot be null
Hibernate Exception in deleteCategory(): org.hibernate.exception.ConstraintViolationException: could not execute statement
SQL Error: 1048, SQLState: 23000
Column 'user' cannot be null
HHH000010: On release of batch it still contained JDBC statements
SQL Warning Code: 1048, SQLState: 23000
Column 'user' cannot be null
Exception: org.hibernate.exception.ConstraintViolationException: could not execute statement
SQL Error: 1048, SQLState: 23000
Column 'user' cannot be null
HHH000010: On release of batch it still contained JDBC statements
SQL Warning Code: 1048, SQLState: 23000
Column 'user' cannot be null
Hibernate Exception in deleteCategory(): org.hibernate.exception.ConstraintViolationException: could not execute statement
SQL Error: 1048, SQLState: 23000
Column 'user' cannot be null
HHH000010: On release of batch it still contained JDBC statements
SQL Warning Code: 1048, SQLState: 23000
Column 'user' cannot be null
Hibernate Exception in deleteTransactionRecord(): org.hibernate.exception.ConstraintViolationException: could not execute statement
SQL Error: 1048, SQLState: 23000
Column 'user' cannot be null
HHH000010: On release of batch it still contained JDBC statements
SQL Warning Code: 1048, SQLState: 23000
Column 'user' cannot be null
Exception: org.hibernate.exception.ConstraintViolationException: could not execute statement
SQL Error: 1048, SQLState: 23000
Column 'user' cannot be null
HHH000010: On release of batch it still contained JDBC statements
SQL Warning Code: 1048, SQLState: 23000
Column 'user' cannot be null
Hibernate Exception in deleteCategory(): org.hibernate.exception.ConstraintViolationException: could not execute statement
SQL Error: 1048, SQLState: 23000
Column 'user' cannot be null
HHH000010: On release of batch it still contained JDBC statements
SQL Warning Code: 1048, SQLState: 23000
Column 'user' cannot be null
Hibernate Exception in deleteTransactionRecord(): org.hibernate.exception.ConstraintViolationException: could not execute statement
user is: edu.matc.personalfinance.entity.User@7859e786
role return is: edu.matc.personalfinance.entity.UserRoles@200606de
Parse Exception for date format: java.text.ParseException: Unparseable date: ""
HCANN000001: Hibernate Commons Annotations {4.0.5.Final}
HHH000412: Hibernate Core {4.3.11.Final}
HHH000206: hibernate.properties not found
HHH000021: Bytecode provider name : javassist
HHH000043: Configuring from resource: /hibernate.cfg.xml
HHH000040: Configuration resource: /hibernate.cfg.xml
HHH000041: Configured SessionFactory: null
HHH000402: Using Hibernate built-in connection pool (not for production use!)
HHH000401: using driver [com.mysql.jdbc.Driver] at URL [jdbc:mysql://localhost:3306/financetracker]
HHH000046: Connection properties: {user=root, password=****}
HHH000006: Autocommit mode: false
HHH000115: Hibernate connection pool size: 20 (min=1)
HHH000400: Using dialect: org.hibernate.dialect.MySQL5Dialect
HHH000399: Using default transaction strategy (direct JDBC transactions)
HHH000397: Using ASTQueryTranslatorFactory
HCANN000001: Hibernate Commons Annotations {4.0.5.Final}
HHH000412: Hibernate Core {4.3.11.Final}
HHH000206: hibernate.properties not found
HHH000021: Bytecode provider name : javassist
HHH000043: Configuring from resource: /hibernate.cfg.xml
HHH000040: Configuration resource: /hibernate.cfg.xml
HHH000041: Configured SessionFactory: null
HHH000402: Using Hibernate built-in connection pool (not for production use!)
HHH000401: using driver [com.mysql.jdbc.Driver] at URL [jdbc:mysql://localhost:3306/financetracker]
HHH000046: Connection properties: {user=root, password=****}
HHH000006: Autocommit mode: false
HHH000115: Hibernate connection pool size: 20 (min=1)
HHH000400: Using dialect: org.hibernate.dialect.MySQL5Dialect
HHH000399: Using default transaction strategy (direct JDBC transactions)
HHH000397: Using ASTQueryTranslatorFactory
HCANN000001: Hibernate Commons Annotations {4.0.5.Final}
HHH000412: Hibernate Core {4.3.11.Final}
HHH000206: hibernate.properties not found
HHH000021: Bytecode provider name : javassist
HHH000043: Configuring from resource: /hibernate.cfg.xml
HHH000040: Configuration resource: /hibernate.cfg.xml
HHH000041: Configured SessionFactory: null
HHH000402: Using Hibernate built-in connection pool (not for production use!)
HHH000401: using driver [com.mysql.jdbc.Driver] at URL [jdbc:mysql://localhost:3306/financetracker]
HHH000046: Connection properties: {user=root, password=****}
HHH000006: Autocommit mode: false
HHH000115: Hibernate connection pool size: 20 (min=1)
HHH000400: Using dialect: org.hibernate.dialect.MySQL5Dialect
HHH000399: Using default transaction strategy (direct JDBC transactions)
HHH000397: Using ASTQueryTranslatorFactory
HCANN000001: Hibernate Commons Annotations {4.0.5.Final}
HHH000412: Hibernate Core {4.3.11.Final}
HHH000206: hibernate.properties not found
HHH000021: Bytecode provider name : javassist
HHH000043: Configuring from resource: /hibernate.cfg.xml
HHH000040: Configuration resource: /hibernate.cfg.xml
HHH000041: Configured SessionFactory: null
HHH000402: Using Hibernate built-in connection pool (not for production use!)
HHH000401: using driver [com.mysql.jdbc.Driver] at URL [jdbc:mysql://localhost:3306/financetracker]
HHH000046: Connection properties: {user=root, password=****}
HHH000006: Autocommit mode: false
HHH000115: Hibernate connection pool size: 20 (min=1)
HHH000400: Using dialect: org.hibernate.dialect.MySQL5Dialect
HHH000399: Using default transaction strategy (direct JDBC transactions)
HHH000397: Using ASTQueryTranslatorFactory
HCANN000001: Hibernate Commons Annotations {4.0.5.Final}
HHH000412: Hibernate Core {4.3.11.Final}
HHH000206: hibernate.properties not found
HHH000021: Bytecode provider name : javassist
HHH000043: Configuring from resource: /hibernate.cfg.xml
HHH000040: Configuration resource: /hibernate.cfg.xml
HHH000041: Configured SessionFactory: null
HHH000402: Using Hibernate built-in connection pool (not for production use!)
HHH000401: using driver [com.mysql.jdbc.Driver] at URL [jdbc:mysql://localhost:3306/financetracker]
HHH000046: Connection properties: {user=root, password=****}
HHH000006: Autocommit mode: false
HHH000115: Hibernate connection pool size: 20 (min=1)
HHH000400: Using dialect: org.hibernate.dialect.MySQL5Dialect
HHH000399: Using default transaction strategy (direct JDBC transactions)
HHH000397: Using ASTQueryTranslatorFactory
HCANN000001: Hibernate Commons Annotations {4.0.5.Final}
HHH000412: Hibernate Core {4.3.11.Final}
HHH000206: hibernate.properties not found
HHH000021: Bytecode provider name : javassist
HHH000043: Configuring from resource: /hibernate.cfg.xml
HHH000040: Configuration resource: /hibernate.cfg.xml
HHH000041: Configured SessionFactory: null
HHH000402: Using Hibernate built-in connection pool (not for production use!)
HHH000401: using driver [com.mysql.jdbc.Driver] at URL [jdbc:mysql://localhost:3306/financetracker]
HHH000046: Connection properties: {user=root, password=****}
HHH000006: Autocommit mode: false
HHH000115: Hibernate connection pool size: 20 (min=1)
HHH000400: Using dialect: org.hibernate.dialect.MySQL5Dialect
HHH000399: Using default transaction strategy (direct JDBC transactions)
HHH000397: Using ASTQueryTranslatorFactory
HCANN000001: Hibernate Commons Annotations {4.0.5.Final}
HHH000412: Hibernate Core {4.3.11.Final}
HHH000206: hibernate.properties not found
HHH000021: Bytecode provider name : javassist
HHH000043: Configuring from resource: /hibernate.cfg.xml
HHH000040: Configuration resource: /hibernate.cfg.xml
HHH000041: Configured SessionFactory: null
HHH000402: Using Hibernate built-in connection pool (not for production use!)
HHH000401: using driver [com.mysql.jdbc.Driver] at URL [jdbc:mysql://localhost:3306/financetracker]
HHH000046: Connection properties: {user=root, password=****}
HHH000006: Autocommit mode: false
HHH000115: Hibernate connection pool size: 20 (min=1)
HHH000400: Using dialect: org.hibernate.dialect.MySQL5Dialect
HHH000399: Using default transaction strategy (direct JDBC transactions)
HHH000397: Using ASTQueryTranslatorFactory
[edu.matc.personalfinance.entity.Category@55562aa9, edu.matc.personalfinance.entity.Category@655ef322, edu.matc.personalfinance.entity.Category@7e276594, edu.matc.personalfinance.entity.Category@3401a114, edu.matc.personalfinance.entity.Category@5066d65f, edu.matc.personalfinance.entity.Category@4233e892, edu.matc.personalfinance.entity.Category@77d2e85, edu.matc.personalfinance.entity.Category@3ecd267f, edu.matc.personalfinance.entity.Category@58ffcbd7, edu.matc.personalfinance.entity.Category@555cf22, edu.matc.personalfinance.entity.Category@6bb2d00b, edu.matc.personalfinance.entity.Category@3c9bfddc, edu.matc.personalfinance.entity.Category@1a9c38eb, edu.matc.personalfinance.entity.Category@319bc845, edu.matc.personalfinance.entity.Category@4c5474f5, edu.matc.personalfinance.entity.Category@2f4205be, edu.matc.personalfinance.entity.Category@54e22bdd, edu.matc.personalfinance.entity.Category@3bd418e4, edu.matc.personalfinance.entity.Category@544820b7, edu.matc.personalfinance.entity.Category@6b98a075, edu.matc.personalfinance.entity.Category@2e61d218, edu.matc.personalfinance.entity.Category@3569fc08, edu.matc.personalfinance.entity.Category@20b12f8a, edu.matc.personalfinance.entity.Category@e84a8e1, edu.matc.personalfinance.entity.Category@2e554a3b, edu.matc.personalfinance.entity.Category@54a67a45, edu.matc.personalfinance.entity.Category@7d42c224, edu.matc.personalfinance.entity.Category@56aaaecd, edu.matc.personalfinance.entity.Category@522a32b1, edu.matc.personalfinance.entity.Category@35390ee3, edu.matc.personalfinance.entity.Category@5e01a982, edu.matc.personalfinance.entity.Category@5ddea849, edu.matc.personalfinance.entity.Category@5ee2b6f9, edu.matc.personalfinance.entity.Category@23d1e5d0, edu.matc.personalfinance.entity.Category@704f1591, edu.matc.personalfinance.entity.Category@58fb7731, edu.matc.personalfinance.entity.Category@13e547a9, edu.matc.personalfinance.entity.Category@3fb6cf60, edu.matc.personalfinance.entity.Category@37ddb69a, edu.matc.personalfinance.entity.Category@349c1daf, edu.matc.personalfinance.entity.Category@dfddc9a, edu.matc.personalfinance.entity.Category@4b9df8a, edu.matc.personalfinance.entity.Category@5e8ac0e1, edu.matc.personalfinance.entity.Category@aafcffa, edu.matc.personalfinance.entity.Category@6955cb39, edu.matc.personalfinance.entity.Category@235a0c16, edu.matc.personalfinance.entity.Category@2b5f4d54, edu.matc.personalfinance.entity.Category@5f7b97da, edu.matc.personalfinance.entity.Category@18b0930f, edu.matc.personalfinance.entity.Category@6b7906b3, edu.matc.personalfinance.entity.Category@3a1dd365, edu.matc.personalfinance.entity.Category@395b56bb, edu.matc.personalfinance.entity.Category@256f8274, edu.matc.personalfinance.entity.Category@68044f4, edu.matc.personalfinance.entity.Category@52d239ba, edu.matc.personalfinance.entity.Category@315f43d5, edu.matc.personalfinance.entity.Category@68fa0ba8, edu.matc.personalfinance.entity.Category@6c5945a7, edu.matc.personalfinance.entity.Category@2f05be7f, edu.matc.personalfinance.entity.Category@640f11a1, edu.matc.personalfinance.entity.Category@5c10f1c3, edu.matc.personalfinance.entity.Category@7ac2e39b, edu.matc.personalfinance.entity.Category@78365cfa, edu.matc.personalfinance.entity.Category@64a8c844, edu.matc.personalfinance.entity.Category@3f6db3fb, edu.matc.personalfinance.entity.Category@52de51b6, edu.matc.personalfinance.entity.Category@18c5069b, edu.matc.personalfinance.entity.Category@3a0d172f, edu.matc.personalfinance.entity.Category@68ad99fe, edu.matc.personalfinance.entity.Category@485e36bc, edu.matc.personalfinance.entity.Category@781f10f2, edu.matc.personalfinance.entity.Category@2a79d4b1, edu.matc.personalfinance.entity.Category@2e9fda69, edu.matc.personalfinance.entity.Category@17cdf2d0, edu.matc.personalfinance.entity.Category@1755e85b, edu.matc.personalfinance.entity.Category@736d6a5c, edu.matc.personalfinance.entity.Category@2371aaca, edu.matc.personalfinance.entity.Category@5b529706, edu.matc.personalfinance.entity.Category@63fdab07, edu.matc.personalfinance.entity.Category@7b5a12ae, edu.matc.personalfinance.entity.Category@5553d0f5, edu.matc.personalfinance.entity.Category@1af687fe, edu.matc.personalfinance.entity.Category@14dda234, edu.matc.personalfinance.entity.Category@3f390d63, edu.matc.personalfinance.entity.Category@74a6a609, edu.matc.personalfinance.entity.Category@5a411614]
HCANN000001: Hibernate Commons Annotations {4.0.5.Final}
HHH000412: Hibernate Core {4.3.11.Final}
HHH000206: hibernate.properties not found
HHH000021: Bytecode provider name : javassist
HHH000043: Configuring from resource: /hibernate.cfg.xml
HHH000040: Configuration resource: /hibernate.cfg.xml
HHH000041: Configured SessionFactory: null
HHH000402: Using Hibernate built-in connection pool (not for production use!)
HHH000401: using driver [com.mysql.jdbc.Driver] at URL [jdbc:mysql://localhost:3306/financetracker]
HHH000046: Connection properties: {user=root, password=****}
HHH000006: Autocommit mode: false
HHH000115: Hibernate connection pool size: 20 (min=1)
HHH000400: Using dialect: org.hibernate.dialect.MySQL5Dialect
HHH000399: Using default transaction strategy (direct JDBC transactions)
HHH000397: Using ASTQueryTranslatorFactory
Get all category: [edu.matc.personalfinance.entity.Category@55562aa9, edu.matc.personalfinance.entity.Category@655ef322, edu.matc.personalfinance.entity.Category@7e276594, edu.matc.personalfinance.entity.Category@3401a114, edu.matc.personalfinance.entity.Category@5066d65f, edu.matc.personalfinance.entity.Category@4233e892, edu.matc.personalfinance.entity.Category@77d2e85, edu.matc.personalfinance.entity.Category@3ecd267f, edu.matc.personalfinance.entity.Category@58ffcbd7, edu.matc.personalfinance.entity.Category@555cf22, edu.matc.personalfinance.entity.Category@6bb2d00b, edu.matc.personalfinance.entity.Category@3c9bfddc, edu.matc.personalfinance.entity.Category@1a9c38eb, edu.matc.personalfinance.entity.Category@319bc845, edu.matc.personalfinance.entity.Category@4c5474f5, edu.matc.personalfinance.entity.Category@2f4205be, edu.matc.personalfinance.entity.Category@54e22bdd, edu.matc.personalfinance.entity.Category@3bd418e4, edu.matc.personalfinance.entity.Category@544820b7, edu.matc.personalfinance.entity.Category@6b98a075, edu.matc.personalfinance.entity.Category@2e61d218, edu.matc.personalfinance.entity.Category@3569fc08, edu.matc.personalfinance.entity.Category@20b12f8a, edu.matc.personalfinance.entity.Category@e84a8e1, edu.matc.personalfinance.entity.Category@2e554a3b, edu.matc.personalfinance.entity.Category@54a67a45, edu.matc.personalfinance.entity.Category@7d42c224, edu.matc.personalfinance.entity.Category@56aaaecd, edu.matc.personalfinance.entity.Category@522a32b1, edu.matc.personalfinance.entity.Category@35390ee3, edu.matc.personalfinance.entity.Category@5e01a982, edu.matc.personalfinance.entity.Category@5ddea849, edu.matc.personalfinance.entity.Category@5ee2b6f9, edu.matc.personalfinance.entity.Category@23d1e5d0, edu.matc.personalfinance.entity.Category@704f1591, edu.matc.personalfinance.entity.Category@58fb7731, edu.matc.personalfinance.entity.Category@13e547a9, edu.matc.personalfinance.entity.Category@3fb6cf60, edu.matc.personalfinance.entity.Category@37ddb69a, edu.matc.personalfinance.entity.Category@349c1daf, edu.matc.personalfinance.entity.Category@dfddc9a, edu.matc.personalfinance.entity.Category@4b9df8a, edu.matc.personalfinance.entity.Category@5e8ac0e1, edu.matc.personalfinance.entity.Category@aafcffa, edu.matc.personalfinance.entity.Category@6955cb39, edu.matc.personalfinance.entity.Category@235a0c16, edu.matc.personalfinance.entity.Category@2b5f4d54, edu.matc.personalfinance.entity.Category@5f7b97da, edu.matc.personalfinance.entity.Category@18b0930f, edu.matc.personalfinance.entity.Category@6b7906b3, edu.matc.personalfinance.entity.Category@3a1dd365, edu.matc.personalfinance.entity.Category@395b56bb, edu.matc.personalfinance.entity.Category@256f8274, edu.matc.personalfinance.entity.Category@68044f4, edu.matc.personalfinance.entity.Category@52d239ba, edu.matc.personalfinance.entity.Category@315f43d5, edu.matc.personalfinance.entity.Category@68fa0ba8, edu.matc.personalfinance.entity.Category@6c5945a7, edu.matc.personalfinance.entity.Category@2f05be7f, edu.matc.personalfinance.entity.Category@640f11a1, edu.matc.personalfinance.entity.Category@5c10f1c3, edu.matc.personalfinance.entity.Category@7ac2e39b, edu.matc.personalfinance.entity.Category@78365cfa, edu.matc.personalfinance.entity.Category@64a8c844, edu.matc.personalfinance.entity.Category@3f6db3fb, edu.matc.personalfinance.entity.Category@52de51b6, edu.matc.personalfinance.entity.Category@18c5069b, edu.matc.personalfinance.entity.Category@3a0d172f, edu.matc.personalfinance.entity.Category@68ad99fe, edu.matc.personalfinance.entity.Category@485e36bc, edu.matc.personalfinance.entity.Category@781f10f2, edu.matc.personalfinance.entity.Category@2a79d4b1, edu.matc.personalfinance.entity.Category@2e9fda69, edu.matc.personalfinance.entity.Category@17cdf2d0, edu.matc.personalfinance.entity.Category@1755e85b, edu.matc.personalfinance.entity.Category@736d6a5c, edu.matc.personalfinance.entity.Category@2371aaca, edu.matc.personalfinance.entity.Category@5b529706, edu.matc.personalfinance.entity.Category@63fdab07, edu.matc.personalfinance.entity.Category@7b5a12ae, edu.matc.personalfinance.entity.Category@5553d0f5, edu.matc.personalfinance.entity.Category@1af687fe, edu.matc.personalfinance.entity.Category@14dda234, edu.matc.personalfinance.entity.Category@3f390d63, edu.matc.personalfinance.entity.Category@74a6a609, edu.matc.personalfinance.entity.Category@5a411614]
HCANN000001: Hibernate Commons Annotations {4.0.5.Final}
HHH000412: Hibernate Core {4.3.11.Final}
HHH000206: hibernate.properties not found
HHH000021: Bytecode provider name : javassist
HHH000043: Configuring from resource: /hibernate.cfg.xml
HHH000040: Configuration resource: /hibernate.cfg.xml
HHH000041: Configured SessionFactory: null
HHH000402: Using Hibernate built-in connection pool (not for production use!)
HHH000401: using driver [com.mysql.jdbc.Driver] at URL [jdbc:mysql://localhost:3306/financetracker]
HHH000046: Connection properties: {user=root, password=****}
HHH000006: Autocommit mode: false
HHH000115: Hibernate connection pool size: 20 (min=1)
HHH000400: Using dialect: org.hibernate.dialect.MySQL5Dialect
HHH000399: Using default transaction strategy (direct JDBC transactions)
HHH000397: Using ASTQueryTranslatorFactory
Get all category: [edu.matc.personalfinance.entity.Category@31d0e481, edu.matc.personalfinance.entity.Category@542e560f, edu.matc.personalfinance.entity.Category@626c44e7, edu.matc.personalfinance.entity.Category@4dc8caa7, edu.matc.personalfinance.entity.Category@1d730606, edu.matc.personalfinance.entity.Category@3bcbb589, edu.matc.personalfinance.entity.Category@3b00856b, edu.matc.personalfinance.entity.Category@3016fd5e, edu.matc.personalfinance.entity.Category@35d08e6c, edu.matc.personalfinance.entity.Category@53d102a2, edu.matc.personalfinance.entity.Category@6c45ee6e, edu.matc.personalfinance.entity.Category@6b3e12b5, edu.matc.personalfinance.entity.Category@5aac4250, edu.matc.personalfinance.entity.Category@1338fb5, edu.matc.personalfinance.entity.Category@61f05988, edu.matc.personalfinance.entity.Category@7ca33c24, edu.matc.personalfinance.entity.Category@fade1fc, edu.matc.personalfinance.entity.Category@67c2e933, edu.matc.personalfinance.entity.Category@41dd05a, edu.matc.personalfinance.entity.Category@613a8ee1, edu.matc.personalfinance.entity.Category@178213b, edu.matc.personalfinance.entity.Category@7103cb56, edu.matc.personalfinance.entity.Category@1b765a2c, edu.matc.personalfinance.entity.Category@2e8e8225, edu.matc.personalfinance.entity.Category@6ebf0f36, edu.matc.personalfinance.entity.Category@18920cc, edu.matc.personalfinance.entity.Category@2807bdeb, edu.matc.personalfinance.entity.Category@72c28d64, edu.matc.personalfinance.entity.Category@6492fab5, edu.matc.personalfinance.entity.Category@2c5529ab, edu.matc.personalfinance.entity.Category@39a8312f, edu.matc.personalfinance.entity.Category@5f6722d3, edu.matc.personalfinance.entity.Category@2c532cd8, edu.matc.personalfinance.entity.Category@294e5088, edu.matc.personalfinance.entity.Category@51972dc7, edu.matc.personalfinance.entity.Category@3700ec9c, edu.matc.personalfinance.entity.Category@2002348, edu.matc.personalfinance.entity.Category@5911e990, edu.matc.personalfinance.entity.Category@31000e60, edu.matc.personalfinance.entity.Category@1d470d0, edu.matc.personalfinance.entity.Category@24d09c1, edu.matc.personalfinance.entity.Category@54c62d71, edu.matc.personalfinance.entity.Category@65045a87, edu.matc.personalfinance.entity.Category@47f4e407, edu.matc.personalfinance.entity.Category@2d1dee39, edu.matc.personalfinance.entity.Category@48d5f34e, edu.matc.personalfinance.entity.Category@fc258b1, edu.matc.personalfinance.entity.Category@6ff65192, edu.matc.personalfinance.entity.Category@2dd80673, edu.matc.personalfinance.entity.Category@4af0df05, edu.matc.personalfinance.entity.Category@57ea113a, edu.matc.personalfinance.entity.Category@acdb094, edu.matc.personalfinance.entity.Category@674bd420, edu.matc.personalfinance.entity.Category@2b0f373b, edu.matc.personalfinance.entity.Category@2ceb80a1, edu.matc.personalfinance.entity.Category@4b45dcb8, edu.matc.personalfinance.entity.Category@7216fb24, edu.matc.personalfinance.entity.Category@2072acb2, edu.matc.personalfinance.entity.Category@50ecde95, edu.matc.personalfinance.entity.Category@35a9782c, edu.matc.personalfinance.entity.Category@70a36a66, edu.matc.personalfinance.entity.Category@45815ffc, edu.matc.personalfinance.entity.Category@732f29af, edu.matc.personalfinance.entity.Category@d3957fe, edu.matc.personalfinance.entity.Category@6622fc65, edu.matc.personalfinance.entity.Category@299321e2, edu.matc.personalfinance.entity.Category@23fb172e, edu.matc.personalfinance.entity.Category@64ba3208, edu.matc.personalfinance.entity.Category@158a3b2e, edu.matc.personalfinance.entity.Category@25a6944c, edu.matc.personalfinance.entity.Category@5e1fa5b1, edu.matc.personalfinance.entity.Category@6b00f608, edu.matc.personalfinance.entity.Category@2f17e30d, edu.matc.personalfinance.entity.Category@3e821657, edu.matc.personalfinance.entity.Category@1d131e1b, edu.matc.personalfinance.entity.Category@71cf1b07, edu.matc.personalfinance.entity.Category@615091b8, edu.matc.personalfinance.entity.Category@4fce136b, edu.matc.personalfinance.entity.Category@4aa83f4f, edu.matc.personalfinance.entity.Category@43b6123e, edu.matc.personalfinance.entity.Category@260e86a1, edu.matc.personalfinance.entity.Category@19648c40, edu.matc.personalfinance.entity.Category@12bd8a64, edu.matc.personalfinance.entity.Category@61e94def, edu.matc.personalfinance.entity.Category@3300f4fd, edu.matc.personalfinance.entity.Category@ebb6851]
HCANN000001: Hibernate Commons Annotations {4.0.5.Final}
HHH000412: Hibernate Core {4.3.11.Final}
HHH000206: hibernate.properties not found
HHH000021: Bytecode provider name : javassist
HHH000043: Configuring from resource: /hibernate.cfg.xml
HHH000040: Configuration resource: /hibernate.cfg.xml
HHH000041: Configured SessionFactory: null
HHH000402: Using Hibernate built-in connection pool (not for production use!)
HHH000401: using driver [com.mysql.jdbc.Driver] at URL [jdbc:mysql://localhost:3306/financetracker]
HHH000046: Connection properties: {user=root, password=****}
HHH000006: Autocommit mode: false
HHH000115: Hibernate connection pool size: 20 (min=1)
HHH000400: Using dialect: org.hibernate.dialect.MySQL5Dialect
HHH000399: Using default transaction strategy (direct JDBC transactions)
HHH000397: Using ASTQueryTranslatorFactory
HCANN000001: Hibernate Commons Annotations {4.0.5.Final}
HHH000412: Hibernate Core {4.3.11.Final}
HHH000206: hibernate.properties not found
HHH000021: Bytecode provider name : javassist
HHH000043: Configuring from resource: /hibernate.cfg.xml
HHH000040: Configuration resource: /hibernate.cfg.xml
HHH000041: Configured SessionFactory: null
HHH000402: Using Hibernate built-in connection pool (not for production use!)
HHH000401: using driver [com.mysql.jdbc.Driver] at URL [jdbc:mysql://localhost:3306/financetracker]
HHH000046: Connection properties: {user=root, password=****}
HHH000006: Autocommit mode: false
HHH000115: Hibernate connection pool size: 20 (min=1)
HHH000400: Using dialect: org.hibernate.dialect.MySQL5Dialect
HHH000399: Using default transaction strategy (direct JDBC transactions)
HHH000397: Using ASTQueryTranslatorFactory
HCANN000001: Hibernate Commons Annotations {4.0.5.Final}
HHH000412: Hibernate Core {4.3.11.Final}
HHH000206: hibernate.properties not found
HHH000021: Bytecode provider name : javassist
HHH000043: Configuring from resource: /hibernate.cfg.xml
HHH000040: Configuration resource: /hibernate.cfg.xml
HHH000041: Configured SessionFactory: null
HHH000402: Using Hibernate built-in connection pool (not for production use!)
HHH000401: using driver [com.mysql.jdbc.Driver] at URL [jdbc:mysql://localhost:3306/financetracker]
HHH000046: Connection properties: {user=root, password=****}
HHH000006: Autocommit mode: false
HHH000115: Hibernate connection pool size: 20 (min=1)
HHH000400: Using dialect: org.hibernate.dialect.MySQL5Dialect
HHH000399: Using default transaction strategy (direct JDBC transactions)
HHH000397: Using ASTQueryTranslatorFactory
HCANN000001: Hibernate Commons Annotations {4.0.5.Final}
HHH000412: Hibernate Core {4.3.11.Final}
HHH000206: hibernate.properties not found
HHH000021: Bytecode provider name : javassist
HHH000043: Configuring from resource: /hibernate.cfg.xml
HHH000040: Configuration resource: /hibernate.cfg.xml
HHH000041: Configured SessionFactory: null
HHH000402: Using Hibernate built-in connection pool (not for production use!)
HHH000401: using driver [com.mysql.jdbc.Driver] at URL [jdbc:mysql://localhost:3306/financetracker]
HHH000046: Connection properties: {user=root, password=****}
HHH000006: Autocommit mode: false
HHH000115: Hibernate connection pool size: 20 (min=1)
HHH000400: Using dialect: org.hibernate.dialect.MySQL5Dialect
HHH000399: Using default transaction strategy (direct JDBC transactions)
HHH000397: Using ASTQueryTranslatorFactory
The dao is working?edu.matc.personalfinance.persistence.UserDao@34cd8e2f
HCANN000001: Hibernate Commons Annotations {4.0.5.Final}
HHH000412: Hibernate Core {4.3.11.Final}
HHH000206: hibernate.properties not found
HHH000021: Bytecode provider name : javassist
HHH000043: Configuring from resource: /hibernate.cfg.xml
HHH000040: Configuration resource: /hibernate.cfg.xml
HHH000041: Configured SessionFactory: null
HHH000402: Using Hibernate built-in connection pool (not for production use!)
HHH000401: using driver [com.mysql.jdbc.Driver] at URL [jdbc:mysql://localhost:3306/financetracker]
HHH000046: Connection properties: {user=root, password=****}
HHH000006: Autocommit mode: false
HHH000115: Hibernate connection pool size: 20 (min=1)
HHH000400: Using dialect: org.hibernate.dialect.MySQL5Dialect
HHH000399: Using default transaction strategy (direct JDBC transactions)
HHH000397: Using ASTQueryTranslatorFactory
SQL Error: 1048, SQLState: 23000
Column 'user_name' cannot be null
HHH000010: On release of batch it still contained JDBC statements
SQL Warning Code: 1048, SQLState: 23000
Column 'user_name' cannot be null
Hibernate Exception: org.hibernate.exception.ConstraintViolationException: could not execute statement
Exception in ExpenseEntry Class: java.lang.NullPointerException
The dao is working?edu.matc.personalfinance.persistence.UserDao@3923911f
SQL Error: 1048, SQLState: 23000
Column 'user_name' cannot be null
HHH000010: On release of batch it still contained JDBC statements
SQL Warning Code: 1048, SQLState: 23000
Column 'user_name' cannot be null
Hibernate Exception: org.hibernate.exception.ConstraintViolationException: could not execute statement
The dao is working?edu.matc.personalfinance.persistence.UserDao@350ae999
org.hibernate.engine.transaction.internal.jdbc.JdbcTransaction@49cf2fea
Up to this works
HCANN000001: Hibernate Commons Annotations {4.0.5.Final}
HHH000412: Hibernate Core {4.3.11.Final}
HHH000206: hibernate.properties not found
HHH000021: Bytecode provider name : javassist
HHH000043: Configuring from resource: /hibernate.cfg.xml
HHH000040: Configuration resource: /hibernate.cfg.xml
HHH000041: Configured SessionFactory: null
HHH000402: Using Hibernate built-in connection pool (not for production use!)
HHH000401: using driver [com.mysql.jdbc.Driver] at URL [jdbc:mysql://localhost:3306/financetracker]
HHH000046: Connection properties: {user=root, password=****}
HHH000006: Autocommit mode: false
HHH000115: Hibernate connection pool size: 20 (min=1)
HHH000400: Using dialect: org.hibernate.dialect.MySQL5Dialect
HHH000399: Using default transaction strategy (direct JDBC transactions)
HHH000397: Using ASTQueryTranslatorFactory
HCANN000001: Hibernate Commons Annotations {4.0.5.Final}
HHH000412: Hibernate Core {4.3.11.Final}
HHH000206: hibernate.properties not found
HHH000021: Bytecode provider name : javassist
HHH000043: Configuring from resource: /hibernate.cfg.xml
HHH000040: Configuration resource: /hibernate.cfg.xml
HHH000041: Configured SessionFactory: null
HHH000402: Using Hibernate built-in connection pool (not for production use!)
HHH000401: using driver [com.mysql.jdbc.Driver] at URL [jdbc:mysql://localhost:3306/financetracker]
HHH000046: Connection properties: {user=root, password=****}
HHH000006: Autocommit mode: false
HHH000115: Hibernate connection pool size: 20 (min=1)
HHH000400: Using dialect: org.hibernate.dialect.MySQL5Dialect
HHH000399: Using default transaction strategy (direct JDBC transactions)
HHH000397: Using ASTQueryTranslatorFactory
HCANN000001: Hibernate Commons Annotations {4.0.5.Final}
HHH000412: Hibernate Core {4.3.11.Final}
HHH000206: hibernate.properties not found
HHH000021: Bytecode provider name : javassist
HHH000043: Configuring from resource: /hibernate.cfg.xml
HHH000040: Configuration resource: /hibernate.cfg.xml
HHH000041: Configured SessionFactory: null
HHH000402: Using Hibernate built-in connection pool (not for production use!)
HHH000401: using driver [com.mysql.jdbc.Driver] at URL [jdbc:mysql://localhost:3306/financetracker]
HHH000046: Connection properties: {user=root, password=****}
HHH000006: Autocommit mode: false
HHH000115: Hibernate connection pool size: 20 (min=1)
HHH000400: Using dialect: org.hibernate.dialect.MySQL5Dialect
HHH000399: Using default transaction strategy (direct JDBC transactions)
HHH000397: Using ASTQueryTranslatorFactory
Parse Exception for date format: java.text.ParseException: Unparseable date: ""
Parse Exception for date format: java.text.ParseException: Unparseable date: ""
HCANN000001: Hibernate Commons Annotations {4.0.5.Final}
HHH000412: Hibernate Core {4.3.11.Final}
HHH000206: hibernate.properties not found
HHH000021: Bytecode provider name : javassist
HHH000043: Configuring from resource: /hibernate.cfg.xml
HHH000040: Configuration resource: /hibernate.cfg.xml
HHH000041: Configured SessionFactory: null
HHH000402: Using Hibernate built-in connection pool (not for production use!)
HHH000401: using driver [com.mysql.jdbc.Driver] at URL [jdbc:mysql://localhost:3306/financetracker]
HHH000046: Connection properties: {user=root, password=****}
HHH000006: Autocommit mode: false
HHH000115: Hibernate connection pool size: 20 (min=1)
HHH000400: Using dialect: org.hibernate.dialect.MySQL5Dialect
HHH000399: Using default transaction strategy (direct JDBC transactions)
HHH000397: Using ASTQueryTranslatorFactory
Exception in ExpenseEntry Class: java.lang.NullPointerException
HCANN000001: Hibernate Commons Annotations {4.0.5.Final}
HHH000412: Hibernate Core {4.3.11.Final}
HHH000206: hibernate.properties not found
HHH000021: Bytecode provider name : javassist
HHH000043: Configuring from resource: /hibernate.cfg.xml
HHH000040: Configuration resource: /hibernate.cfg.xml
HHH000041: Configured SessionFactory: null
HHH000402: Using Hibernate built-in connection pool (not for production use!)
HHH000401: using driver [com.mysql.jdbc.Driver] at URL [jdbc:mysql://localhost:3306/financetracker]
HHH000046: Connection properties: {user=root, password=****}
HHH000006: Autocommit mode: false
HHH000115: Hibernate connection pool size: 20 (min=1)
HHH000400: Using dialect: org.hibernate.dialect.MySQL5Dialect
HHH000399: Using default transaction strategy (direct JDBC transactions)
HHH000397: Using ASTQueryTranslatorFactory
Parse Exception for date format: java.text.ParseException: Unparseable date: ""
HCANN000001: Hibernate Commons Annotations {4.0.5.Final}
HHH000412: Hibernate Core {4.3.11.Final}
HHH000206: hibernate.properties not found
HHH000021: Bytecode provider name : javassist
HHH000043: Configuring from resource: /hibernate.cfg.xml
HHH000040: Configuration resource: /hibernate.cfg.xml
HHH000041: Configured SessionFactory: null
HHH000402: Using Hibernate built-in connection pool (not for production use!)
HHH000401: using driver [com.mysql.jdbc.Driver] at URL [jdbc:mysql://localhost:3306/financetracker]
HHH000046: Connection properties: {user=root, password=****}
HHH000006: Autocommit mode: false
HHH000115: Hibernate connection pool size: 20 (min=1)
HHH000400: Using dialect: org.hibernate.dialect.MySQL5Dialect
HHH000399: Using default transaction strategy (direct JDBC transactions)
HHH000397: Using ASTQueryTranslatorFactory
Exception in ExpenseEntry Class: java.lang.NullPointerException
HCANN000001: Hibernate Commons Annotations {4.0.5.Final}
HHH000412: Hibernate Core {4.3.11.Final}
HHH000206: hibernate.properties not found
HHH000021: Bytecode provider name : javassist
HHH000043: Configuring from resource: /hibernate.cfg.xml
HHH000040: Configuration resource: /hibernate.cfg.xml
HHH000041: Configured SessionFactory: null
HHH000402: Using Hibernate built-in connection pool (not for production use!)
HHH000401: using driver [com.mysql.jdbc.Driver] at URL [jdbc:mysql://localhost:3306/financetracker]
HHH000046: Connection properties: {user=root, password=****}
HHH000006: Autocommit mode: false
HHH000115: Hibernate connection pool size: 20 (min=1)
HHH000400: Using dialect: org.hibernate.dialect.MySQL5Dialect
HHH000399: Using default transaction strategy (direct JDBC transactions)
HHH000397: Using ASTQueryTranslatorFactory
The dao is working?edu.matc.personalfinance.persistence.UserDao@6de47880
org.hibernate.engine.transaction.internal.jdbc.JdbcTransaction@1b78c810
Up to this works
HCANN000001: Hibernate Commons Annotations {4.0.5.Final}
HHH000412: Hibernate Core {4.3.11.Final}
HHH000206: hibernate.properties not found
HHH000021: Bytecode provider name : javassist
HHH000043: Configuring from resource: /hibernate.cfg.xml
HHH000040: Configuration resource: /hibernate.cfg.xml
HHH000041: Configured SessionFactory: null
HHH000402: Using Hibernate built-in connection pool (not for production use!)
HHH000401: using driver [com.mysql.jdbc.Driver] at URL [jdbc:mysql://localhost:3306/financetracker]
HHH000046: Connection properties: {user=root, password=****}
HHH000006: Autocommit mode: false
HHH000115: Hibernate connection pool size: 20 (min=1)
HHH000400: Using dialect: org.hibernate.dialect.MySQL5Dialect
HHH000399: Using default transaction strategy (direct JDBC transactions)
HHH000397: Using ASTQueryTranslatorFactory
HCANN000001: Hibernate Commons Annotations {4.0.5.Final}
HHH000412: Hibernate Core {4.3.11.Final}
HHH000206: hibernate.properties not found
HHH000021: Bytecode provider name : javassist
HHH000043: Configuring from resource: /hibernate.cfg.xml
HHH000040: Configuration resource: /hibernate.cfg.xml
HHH000041: Configured SessionFactory: null
HHH000402: Using Hibernate built-in connection pool (not for production use!)
HHH000401: using driver [com.mysql.jdbc.Driver] at URL [jdbc:mysql://localhost:3306/financetracker]
HHH000046: Connection properties: {user=root, password=****}
HHH000006: Autocommit mode: false
HHH000115: Hibernate connection pool size: 20 (min=1)
HHH000400: Using dialect: org.hibernate.dialect.MySQL5Dialect
HHH000399: Using default transaction strategy (direct JDBC transactions)
HHH000397: Using ASTQueryTranslatorFactory
Exception in ExpenseEntry Class: java.lang.NullPointerException
Exception in ExpenseEntry Class: java.lang.NullPointerException
Exception in ExpenseEntry Class: java.lang.NullPointerException
HCANN000001: Hibernate Commons Annotations {4.0.5.Final}
HHH000412: Hibernate Core {4.3.11.Final}
HHH000206: hibernate.properties not found
HHH000021: Bytecode provider name : javassist
HHH000043: Configuring from resource: /hibernate.cfg.xml
HHH000040: Configuration resource: /hibernate.cfg.xml
HHH000041: Configured SessionFactory: null
HHH000402: Using Hibernate built-in connection pool (not for production use!)
HHH000401: using driver [com.mysql.jdbc.Driver] at URL [jdbc:mysql://localhost:3306/financetracker]
HHH000046: Connection properties: {user=root, password=****}
HHH000006: Autocommit mode: false
HHH000115: Hibernate connection pool size: 20 (min=1)
HHH000400: Using dialect: org.hibernate.dialect.MySQL5Dialect
HHH000399: Using default transaction strategy (direct JDBC transactions)
HHH000397: Using ASTQueryTranslatorFactory
HCANN000001: Hibernate Commons Annotations {4.0.5.Final}
HHH000412: Hibernate Core {4.3.11.Final}
HHH000206: hibernate.properties not found
HHH000021: Bytecode provider name : javassist
HHH000043: Configuring from resource: /hibernate.cfg.xml
HHH000040: Configuration resource: /hibernate.cfg.xml
HHH000041: Configured SessionFactory: null
HHH000402: Using Hibernate built-in connection pool (not for production use!)
HHH000401: using driver [com.mysql.jdbc.Driver] at URL [jdbc:mysql://localhost:3306/financetracker]
HHH000046: Connection properties: {user=root, password=****}
HHH000006: Autocommit mode: false
HHH000115: Hibernate connection pool size: 20 (min=1)
HHH000400: Using dialect: org.hibernate.dialect.MySQL5Dialect
HHH000399: Using default transaction strategy (direct JDBC transactions)
HHH000397: Using ASTQueryTranslatorFactory
HCANN000001: Hibernate Commons Annotations {4.0.5.Final}
HHH000412: Hibernate Core {4.3.11.Final}
HHH000206: hibernate.properties not found
HHH000021: Bytecode provider name : javassist
HHH000043: Configuring from resource: /hibernate.cfg.xml
HHH000040: Configuration resource: /hibernate.cfg.xml
HHH000041: Configured SessionFactory: null
HHH000402: Using Hibernate built-in connection pool (not for production use!)
HHH000401: using driver [com.mysql.jdbc.Driver] at URL [jdbc:mysql://localhost:3306/financetracker]
HHH000046: Connection properties: {user=root, password=****}
HHH000006: Autocommit mode: false
HHH000115: Hibernate connection pool size: 20 (min=1)
HHH000400: Using dialect: org.hibernate.dialect.MySQL5Dialect
HHH000399: Using default transaction strategy (direct JDBC transactions)
HHH000397: Using ASTQueryTranslatorFactory
HCANN000001: Hibernate Commons Annotations {4.0.5.Final}
HHH000412: Hibernate Core {4.3.11.Final}
HHH000206: hibernate.properties not found
HHH000021: Bytecode provider name : javassist
HHH000043: Configuring from resource: /hibernate.cfg.xml
HHH000040: Configuration resource: /hibernate.cfg.xml
HHH000041: Configured SessionFactory: null
HHH000402: Using Hibernate built-in connection pool (not for production use!)
HHH000401: using driver [com.mysql.jdbc.Driver] at URL [jdbc:mysql://localhost:3306/financetracker]
HHH000046: Connection properties: {user=root, password=****}
HHH000006: Autocommit mode: false
HHH000115: Hibernate connection pool size: 20 (min=1)
HHH000400: Using dialect: org.hibernate.dialect.MySQL5Dialect
HHH000399: Using default transaction strategy (direct JDBC transactions)
HHH000397: Using ASTQueryTranslatorFactory
HCANN000001: Hibernate Commons Annotations {4.0.5.Final}
HHH000412: Hibernate Core {4.3.11.Final}
HHH000206: hibernate.properties not found
HHH000021: Bytecode provider name : javassist
HHH000043: Configuring from resource: /hibernate.cfg.xml
HHH000040: Configuration resource: /hibernate.cfg.xml
HHH000041: Configured SessionFactory: null
HHH000402: Using Hibernate built-in connection pool (not for production use!)
HHH000401: using driver [com.mysql.jdbc.Driver] at URL [jdbc:mysql://localhost:3306/financetracker]
HHH000046: Connection properties: {user=root, password=****}
HHH000006: Autocommit mode: false
HHH000115: Hibernate connection pool size: 20 (min=1)
HHH000400: Using dialect: org.hibernate.dialect.MySQL5Dialect
HHH000399: Using default transaction strategy (direct JDBC transactions)
HHH000397: Using ASTQueryTranslatorFactory
date: Sun Nov 07 00:00:00 CST 6
amount: 1.0

SQL Error: 1048, SQLState: 23000
Column 'category' cannot be null
HHH000010: On release of batch it still contained JDBC statements
SQL Warning Code: 1048, SQLState: 23000
Column 'category' cannot be null
SQL Warning Code: 1048, SQLState: 23000
Column 'user' cannot be null
Hibernate Exception in addTransactionRecord(): org.hibernate.exception.ConstraintViolationException: could not execute statement
date: Sun Nov 07 00:00:00 CST 6
amount: 1.0

SQL Error: 1048, SQLState: 23000
Column 'category' cannot be null
HHH000010: On release of batch it still contained JDBC statements
SQL Warning Code: 1048, SQLState: 23000
Column 'category' cannot be null
SQL Warning Code: 1048, SQLState: 23000
Column 'user' cannot be null
Hibernate Exception in addTransactionRecord(): org.hibernate.exception.ConstraintViolationException: could not execute statement
HCANN000001: Hibernate Commons Annotations {4.0.5.Final}
HHH000412: Hibernate Core {4.3.11.Final}
HHH000206: hibernate.properties not found
HHH000021: Bytecode provider name : javassist
HHH000043: Configuring from resource: /hibernate.cfg.xml
HHH000040: Configuration resource: /hibernate.cfg.xml
HHH000041: Configured SessionFactory: null
HHH000402: Using Hibernate built-in connection pool (not for production use!)
HHH000401: using driver [com.mysql.jdbc.Driver] at URL [jdbc:mysql://localhost:3306/financetracker]
HHH000046: Connection properties: {user=root, password=****}
HHH000006: Autocommit mode: false
HHH000115: Hibernate connection pool size: 20 (min=1)
HHH000400: Using dialect: org.hibernate.dialect.MySQL5Dialect
HHH000399: Using default transaction strategy (direct JDBC transactions)
HHH000397: Using ASTQueryTranslatorFactory
HCANN000001: Hibernate Commons Annotations {4.0.5.Final}
HHH000412: Hibernate Core {4.3.11.Final}
HHH000206: hibernate.properties not found
HHH000021: Bytecode provider name : javassist
HHH000043: Configuring from resource: /hibernate.cfg.xml
HHH000040: Configuration resource: /hibernate.cfg.xml
HHH000041: Configured SessionFactory: null
HHH000402: Using Hibernate built-in connection pool (not for production use!)
HHH000401: using driver [com.mysql.jdbc.Driver] at URL [jdbc:mysql://localhost:3306/financetracker]
HHH000046: Connection properties: {user=root, password=****}
HHH000006: Autocommit mode: false
HHH000115: Hibernate connection pool size: 20 (min=1)
HHH000400: Using dialect: org.hibernate.dialect.MySQL5Dialect
HHH000399: Using default transaction strategy (direct JDBC transactions)
HHH000397: Using ASTQueryTranslatorFactory
HCANN000001: Hibernate Commons Annotations {4.0.5.Final}
HHH000412: Hibernate Core {4.3.11.Final}
HHH000206: hibernate.properties not found
HHH000021: Bytecode provider name : javassist
HHH000043: Configuring from resource: /hibernate.cfg.xml
HHH000040: Configuration resource: /hibernate.cfg.xml
HHH000041: Configured SessionFactory: null
HHH000402: Using Hibernate built-in connection pool (not for production use!)
HHH000401: using driver [com.mysql.jdbc.Driver] at URL [jdbc:mysql://localhost:3306/financetracker]
HHH000046: Connection properties: {user=root, password=****}
HHH000006: Autocommit mode: false
HHH000115: Hibernate connection pool size: 20 (min=1)
HHH000400: Using dialect: org.hibernate.dialect.MySQL5Dialect
HHH000399: Using default transaction strategy (direct JDBC transactions)
HHH000397: Using ASTQueryTranslatorFactory
Exception in ExpenseEntry Class: java.lang.NullPointerException
Parse Exception for date format: java.text.ParseException: Unparseable date: ""
Exception in ExpenseEntry Class: java.lang.NullPointerException
Exception in ExpenseEntry Class: java.lang.NullPointerException
Parse Exception for date format: java.text.ParseException: Unparseable date: ""
Parse Exception for date format: java.text.ParseException: Unparseable date: ""
HCANN000001: Hibernate Commons Annotations {4.0.5.Final}
HHH000412: Hibernate Core {4.3.11.Final}
HHH000206: hibernate.properties not found
HHH000021: Bytecode provider name : javassist
HHH000043: Configuring from resource: /hibernate.cfg.xml
HHH000040: Configuration resource: /hibernate.cfg.xml
HHH000041: Configured SessionFactory: null
HHH000402: Using Hibernate built-in connection pool (not for production use!)
HHH000401: using driver [com.mysql.jdbc.Driver] at URL [jdbc:mysql://localhost:3306/financetracker]
HHH000046: Connection properties: {user=root, password=****}
HHH000006: Autocommit mode: false
HHH000115: Hibernate connection pool size: 20 (min=1)
HHH000400: Using dialect: org.hibernate.dialect.MySQL5Dialect
HHH000399: Using default transaction strategy (direct JDBC transactions)
HHH000397: Using ASTQueryTranslatorFactory
HCANN000001: Hibernate Commons Annotations {4.0.5.Final}
HHH000412: Hibernate Core {4.3.11.Final}
HHH000206: hibernate.properties not found
HHH000021: Bytecode provider name : javassist
HHH000043: Configuring from resource: /hibernate.cfg.xml
HHH000040: Configuration resource: /hibernate.cfg.xml
HHH000041: Configured SessionFactory: null
HHH000402: Using Hibernate built-in connection pool (not for production use!)
HHH000401: using driver [com.mysql.jdbc.Driver] at URL [jdbc:mysql://localhost:3306/financetracker]
HHH000046: Connection properties: {user=root, password=****}
HHH000006: Autocommit mode: false
HHH000115: Hibernate connection pool size: 20 (min=1)
HHH000400: Using dialect: org.hibernate.dialect.MySQL5Dialect
HHH000399: Using default transaction strategy (direct JDBC transactions)
HHH000397: Using ASTQueryTranslatorFactory
HCANN000001: Hibernate Commons Annotations {4.0.5.Final}
HHH000412: Hibernate Core {4.3.11.Final}
HHH000206: hibernate.properties not found
HHH000021: Bytecode provider name : javassist
HHH000043: Configuring from resource: /hibernate.cfg.xml
HHH000040: Configuration resource: /hibernate.cfg.xml
HHH000041: Configured SessionFactory: null
HHH000402: Using Hibernate built-in connection pool (not for production use!)
HHH000401: using driver [com.mysql.jdbc.Driver] at URL [jdbc:mysql://localhost:3306/financetracker]
HHH000046: Connection properties: {user=root, password=****}
HHH000006: Autocommit mode: false
HHH000115: Hibernate connection pool size: 20 (min=1)
HHH000400: Using dialect: org.hibernate.dialect.MySQL5Dialect
HHH000399: Using default transaction strategy (direct JDBC transactions)
HHH000397: Using ASTQueryTranslatorFactory
HCANN000001: Hibernate Commons Annotations {4.0.5.Final}
HHH000412: Hibernate Core {4.3.11.Final}
HHH000206: hibernate.properties not found
HHH000021: Bytecode provider name : javassist
HHH000043: Configuring from resource: /hibernate.cfg.xml
HHH000040: Configuration resource: /hibernate.cfg.xml
HHH000041: Configured SessionFactory: null
HHH000402: Using Hibernate built-in connection pool (not for production use!)
HHH000401: using driver [com.mysql.jdbc.Driver] at URL [jdbc:mysql://localhost:3306/financetracker]
HHH000046: Connection properties: {user=root, password=****}
HHH000006: Autocommit mode: false
HHH000115: Hibernate connection pool size: 20 (min=1)
HHH000400: Using dialect: org.hibernate.dialect.MySQL5Dialect
HHH000399: Using default transaction strategy (direct JDBC transactions)
HHH000397: Using ASTQueryTranslatorFactory
